C51 COMPILER V9.60.0.0   MAIN                                                              11/12/2021 14:40:41 PAGE 1   


C51 COMPILER V9.60.0.0, COMPILATION OF MODULE MAIN
OBJECT MODULE PLACED IN .\Objects\main.obj
COMPILER INVOKED BY: C:\Keil_v5\C51\BIN\C51.EXE main.c LARGE OPTIMIZE(8,SPEED) BROWSE INCDIR(..\Class E) DEBUG OBJECTEXT
                    -END PRINT(.\Listings\main.lst) TABS(2) OBJECT(.\Objects\main.obj)

line level    source

   1          #include <STC8.H>
   2          #include <stdio.h>
   3          #include "oled.h"
   4          #include "debug.h"
   5          #include "adc.h"
   6          #include "intrins.h"
   7          
   8          char str[100];
   9          uint8 times=0;
  10          uint16 V=0,I=0,Tem=0;
  11          
  12          void Delay1000ms()    //@24.000MHz
  13          {
  14   1        unsigned char i, j, k;
  15   1      
  16   1        _nop_();
  17   1        _nop_();
  18   1        i = 92;
  19   1        j = 50;
  20   1        k = 238;
  21   1        do
  22   1        {
  23   2          do
  24   2          {
  25   3            while (--k);
  26   3          } while (--j);
  27   2        } while (--i);
  28   1      }
  29          
  30          void Timer0Init(void)   //5毫秒@24.000MHz
  31          {
  32   1        AUXR &= 0x7F;   //定时器时钟12T模式
  33   1        TMOD &= 0xF0;   //设置定时器模式
  34   1        TL0 = 0xF0;   //设置定时初值
  35   1        TH0 = 0xD8;   //设置定时初值
  36   1        TF0 = 0;    //清除TF0标志
  37   1        TR0 = 1;    //定时器0开始计时
  38   1      }
  39          
  40          void UartInit(void)   //115200bps@24.000MHz
  41          {
  42   1        SCON = 0x50;    //8位数据,可变波特率
  43   1        AUXR |= 0x40;   //定时器1时钟为Fosc,即1T
  44   1        AUXR &= 0xFE;   //串口1选择定时器1为波特率发生器
  45   1        TMOD &= 0x0F;   //设定定时器1为16位自动重装方式
  46   1        TL1 = 0xCC;   //设定定时初值
  47   1        TH1 = 0xFF;   //设定定时初值
  48   1        ET1 = 0;    //禁止定时器1中断
  49   1        TR1 = 1;    //启动定时器1
  50   1        ES = 1;
  51   1      }
  52          
  53          void PWMInit()  //增强型pwm初始化
  54          {
C51 COMPILER V9.60.0.0   MAIN                                                              11/12/2021 14:40:41 PAGE 2   

  55   1        P_SW2 = 0x80;
  56   1        PWMCKS = 0x00; // PWM时钟为系统时钟
  57   1        PWMC = (24000000/320000); //设置PWM周期(30000Hz)
  58   1        
  59   1        PWM2T1= 0;
  60   1        PWM2T2= 0;
  61   1        PWM2CR= 0x80; //使能PWM4输出
  62   1        
  63   1        PWM3T1= 0;
  64   1        PWM3T2= 0;
  65   1        PWM3CR= 0x80; //使能PWM5输出
  66   1        
  67   1        P_SW2 = 0x00;
  68   1        PWMCR = 0x80; //启动PWM模块
  69   1      }
  70          
  71          void main()
  72          {
  73   1        Timer0Init();
  74   1        PWMInit();
  75   1      //  UartInit();
  76   1        ADCInit();
  77   1        OLED_Init();
  78   1        OLED_Clear();
  79   1        
  80   1        Delay1000ms();
  81   1        
  82   1        P_SW2 = 0x80;
  83   1        PWM2T1= 38;
  84   1        PWM2T2= 19;
  85   1        PWM3T1= 0;
  86   1        PWM3T2= 57;
  87   1        P_SW2 = 0x00;
  88   1        
  89   1        ET0=1;
  90   1        EA=1;
  91   1        
  92   1        while(1)
  93   1        {
  94   2          
  95   2        }
  96   1      }
  97          
  98          
  99          void TM0_Isr() interrupt 1
 100          {
 101   1        times++;
 102   1        if(times==20)
 103   1        {
 104   2          times=0;
 105   2      //    V = 1064;
 106   2          sprintf(str,"Voltage:%.2fV   ",V*0.0134);
 107   2          OLED_ShowString(0,0,str);
 108   2          sprintf(str,"Current:%.2fA   ",I*0.00244);
 109   2          OLED_ShowString(0,2,str);
 110   2          sprintf(str,"Power:%.2fW     ",I*0.00244*V*0.0134);
 111   2          OLED_ShowString(0,4,str);
 112   2          V=0;I=0;
 113   2        }
 114   1        V+=0.05*ReadADC(3);
 115   1        I+=0.05*ReadADC(4);
 116   1        //Tem=ReadADC(5);
C51 COMPILER V9.60.0.0   MAIN                                                              11/12/2021 14:40:41 PAGE 3   

 117   1      }
 118          
 119          void uart_int(void) interrupt 4 using 1 //串口中断
 120          { 
 121   1        unsigned char tmp;
 122   1        if (RI) 
 123   1        {
 124   2          tmp = SBUF;//获取字节数据
 125   2          my_debug(tmp);//上位机接收函数
 126   2          RI = 0;
 127   2        }
 128   1      }


MODULE INFORMATION:   STATIC OVERLAYABLE
   CODE SIZE        =    663    ----
   CONSTANT SIZE    =     51    ----
   XDATA SIZE       =    107    ----
   PDATA SIZE       =   ----    ----
   DATA SIZE        =   ----    ----
   IDATA SIZE       =   ----    ----
   BIT SIZE         =   ----    ----
END OF MODULE INFORMATION.


C51 COMPILATION COMPLETE.  0 WARNING(S),  0 ERROR(S)
